<?xml version="1.0" encoding="UTF-8"?>
<!-- Generated by org.testng.reporters.JUnitXMLReporter -->
<testsuite hostname="PoojaBhandariMyLaptop" ignored="6" name="Test" tests="4" failures="0" timestamp="2022-02-10T20:56:09 EST" time="12.415" errors="0">
  <testcase name="VerifyLogin" time="1.449" classname="testcases.TC002_Login"/>
  <testcase name="VerifyCart" time="4.541" classname="testcases.TC003_AddToCart"/>
  <testcase name="VerifyReturn" time="3.505" classname="testcases.TC004_Returns"/>
  <testcase name="VerifyGiftCert" time="2.844" classname="testcases.TC005_GiftCert"/>
  <testcase name="@AfterSuite tearDown" time="0.0" classname="base.BaseClass">
    <ignored/>
  </testcase> <!-- @AfterSuite tearDown -->
  <testcase name="@AfterSuite tearDown" time="0.0" classname="base.BaseClass">
    <ignored/>
  </testcase> <!-- @AfterSuite tearDown -->
  <testcase name="@AfterSuite tearDown" time="0.0" classname="base.BaseClass">
    <ignored/>
  </testcase> <!-- @AfterSuite tearDown -->
  <testcase name="@BeforeSuite init" time="0.0" classname="base.BaseClass">
    <ignored/>
  </testcase> <!-- @BeforeSuite init -->
  <testcase name="@BeforeSuite init" time="0.0" classname="base.BaseClass">
    <ignored/>
  </testcase> <!-- @BeforeSuite init -->
  <testcase name="@BeforeSuite init" time="0.0" classname="base.BaseClass">
    <ignored/>
  </testcase> <!-- @BeforeSuite init -->
</testsuite> <!-- Test -->
