<?xml version="1.0" encoding="UTF-8"?>
<!-- Generated by org.testng.reporters.JUnitXMLReporter -->
<testsuite hostname="PoojaBhandariMyLaptop" ignored="6" name="Test" tests="4" failures="0" timestamp="2022-02-07T21:55:47 EST" time="16.532" errors="0">
  <testcase name="VerifyLogin" time="1.96" classname="testcases.TC002_Login"/>
  <testcase name="VerifyCart" time="6.414" classname="testcases.TC003_AddToCart"/>
  <testcase name="VerifyReturn" time="4.242" classname="testcases.TC004Returns"/>
  <testcase name="VerifyGiftCert" time="3.85" classname="testcases.TC005_GiftCert"/>
  <testcase name="@AfterSuite tearDown" time="0.0" classname="base.BaseClass">
    <ignored/>
  </testcase> <!-- @AfterSuite tearDown -->
  <testcase name="@AfterSuite tearDown" time="0.0" classname="base.BaseClass">
    <ignored/>
  </testcase> <!-- @AfterSuite tearDown -->
  <testcase name="@AfterSuite tearDown" time="0.0" classname="base.BaseClass">
    <ignored/>
  </testcase> <!-- @AfterSuite tearDown -->
  <testcase name="@BeforeSuite init" time="0.0" classname="base.BaseClass">
    <ignored/>
  </testcase> <!-- @BeforeSuite init -->
  <testcase name="@BeforeSuite init" time="0.0" classname="base.BaseClass">
    <ignored/>
  </testcase> <!-- @BeforeSuite init -->
  <testcase name="@BeforeSuite init" time="0.0" classname="base.BaseClass">
    <ignored/>
  </testcase> <!-- @BeforeSuite init -->
</testsuite> <!-- Test -->
